<?xml version="1.0" encoding="UTF-8"?>
<!-- Generated by org.testng.reporters.JUnitXMLReporter -->
<testsuite hostname="LAPTOP-0KMM1L6H" ignored="2" name="Test" tests="7" failures="0" timestamp="2022-06-01T08:09:40 IST" time="87.53" errors="0">
  <testcase name="login" time="2.454" classname="com.vcentry.lab.testcases.LoginTest"/>
  <testcase name="login" time="1.381" classname="com.vcentry.lab.testcases.LoginTest"/>
  <testcase name="login" time="0.28" classname="com.vcentry.lab.testcases.LoginTest"/>
  <testcase name="login" time="5.453" classname="com.vcentry.lab.testcases.LoginTest"/>
  <testcase name="navigatetoUsersinAdminTab" time="1.635" classname="com.vcentry.lab.testcases.AddNewUserTest"/>
  <testcase name="addNewUser" time="31.854" classname="com.vcentry.lab.testcases.AddNewUserTest"/>
  <testcase name="addNewUser" time="31.816" classname="com.vcentry.lab.testcases.AddNewUserTest"/>
  <testcase name="@BeforeTest openBrowser" time="0.0" classname="com.vcentry.lab.testBase.BaseClass">
    <ignored/>
  </testcase> <!-- @BeforeTest openBrowser -->
  <testcase name="@AfterTest closeBrowser" time="0.0" classname="com.vcentry.lab.testBase.BaseClass">
    <ignored/>
  </testcase> <!-- @AfterTest closeBrowser -->
</testsuite> <!-- Test -->
